<?xml version="1.0" encoding="UTF-8"?>
<testng-results skipped="0" failed="0" ignored="0" total="1" passed="1">
  <reporter-output>
  </reporter-output>
  <suite name="Default suite" duration-ms="110" started-at="2023-01-27T16:55:43 IST" finished-at="2023-01-27T16:55:43 IST">
    <groups>
    </groups>
    <test name="Default test" duration-ms="110" started-at="2023-01-27T16:55:43 IST" finished-at="2023-01-27T16:55:43 IST">
      <class name="pck1.Test1">
        <test-method status="PASS" signature="tc1()[pri:0, instance:pck1.Test1@1de817]" name="tc1" duration-ms="20" started-at="2023-01-27T16:55:43 IST" finished-at="2023-01-27T16:55:43 IST">
          <reporter-output>
          </reporter-output>
        </test-method> <!-- tc1 -->
      </class> <!-- pck1.Test1 -->
    </test> <!-- Default test -->
  </suite> <!-- Default suite -->
</testng-results>
